0 info it worked if it ends with ok
1 verbose cli [ 'C:\\Program Files\\nodejs\\node.exe',
1 verbose cli   'C:\\Program Files\\nodejs\\node_modules\\npm\\bin\\npm-cli.js',
1 verbose cli   'run',
1 verbose cli   'gulp',
1 verbose cli   'alpha-release' ]
2 info using npm@3.10.8
3 info using node@v6.9.1
4 verbose run-script [ 'pregulp', 'gulp', 'postgulp' ]
5 info lifecycle Raven.Studio@1.0.0~pregulp: Raven.Studio@1.0.0
6 silly lifecycle Raven.Studio@1.0.0~pregulp: no script for pregulp, continuing
7 info lifecycle Raven.Studio@1.0.0~gulp: Raven.Studio@1.0.0
8 verbose lifecycle Raven.Studio@1.0.0~gulp: unsafe-perm in lifecycle true
9 verbose lifecycle Raven.Studio@1.0.0~gulp: PATH: C:\Program Files\nodejs\node_modules\npm\bin\node-gyp-bin;C:\Work\ravendb4\src\Raven.Studio\node_modules\.bin;C:\ProgramData\Oracle\Java\javapath;C:\WINDOWS\system32;C:\WINDOWS;C:\WINDOWS\System32\Wbem;C:\WINDOWS\System32\WindowsPowerShell\v1.0\;C:\Program Files (x86)\Microsoft ASP.NET\ASP.NET Web Pages\v1.0\;C:\Program Files (x86)\Intel\OpenCL SDK\3.0\bin\x86;C:\Program Files (x86)\Intel\OpenCL SDK\3.0\bin\x64;C:\Program Files (x86)\Windows Kits\8.1\Windows Performance Toolkit\;C:\Program Files (x86)\Microsoft SDKs\TypeScript\;C:\Program Files (x86)\Microsoft SDKs\TypeScript\0.9\;C:\Program Files (x86)\Microsoft SDKs\TypeScript\1.0\;C:\Program Files\MiKTeX 2.9\miktex\bin\x64\;C:\Program Files\Microsoft\Web Platform Installer\;C:\Program Files (x86)\Microsoft SDKs\TypeScript\1.4\;C:\Program Files\Microsoft SQL Server\120\Tools\Binn\;C:\Program Files (x86)\Skype\Phone\;C:\Program Files\Microsoft DNX\Dnvm\;C:\Program Files\TortoiseGit\bin;C:\Program Files\Microsoft SQL Server\130\Tools\Binn\;C:\Program Files\Git\cmd;C:\Program Files\dotnet\;C:\Program Files\nodejs\;C:\Users\Michael\.dnx\runtimes\dnx-coreclr-win-x64.1.0.0-rc1-update2\bin;C:\Users\Michael\.dnx\bin;C:\RailsInstaller\Ruby1.9.2\bin;C:\Ruby22\bin;C:\RailsInstaller\Git\cmd;C:\RailsInstaller\Ruby2.1.0\bin;C:\KidsRuby\Git\cmd;C:\KidsRuby\Ruby1.9.2\bin;C:\Chocolatey\bin;C:\Users\Michael\AppData\Roaming\scriptcs;C:\Program Files (x86)\Microsoft VS Code\bin;C:\Users\Michael\AppData\Local\Programs\EmEditor;C:\Users\Michael\AppData\Roaming\npm;C:\Program Files (x86)\Nmap;C:\Program Files (x86)\Git\bin
10 verbose lifecycle Raven.Studio@1.0.0~gulp: CWD: C:\Work\ravendb4\src\Raven.Studio
11 silly lifecycle Raven.Studio@1.0.0~gulp: Args: [ '/d /s /c', 'gulp "alpha-release"' ]
12 silly lifecycle Raven.Studio@1.0.0~gulp: Returned: code: 1  signal: null
13 info lifecycle Raven.Studio@1.0.0~gulp: Failed to exec gulp script
14 verbose stack Error: Raven.Studio@1.0.0 gulp: `gulp "alpha-release"`
14 verbose stack Exit status 1
14 verbose stack     at EventEmitter.<anonymous> (C:\Program Files\nodejs\node_modules\npm\lib\utils\lifecycle.js:255:16)
14 verbose stack     at emitTwo (events.js:106:13)
14 verbose stack     at EventEmitter.emit (events.js:191:7)
14 verbose stack     at ChildProcess.<anonymous> (C:\Program Files\nodejs\node_modules\npm\lib\utils\spawn.js:40:14)
14 verbose stack     at emitTwo (events.js:106:13)
14 verbose stack     at ChildProcess.emit (events.js:191:7)
14 verbose stack     at maybeClose (internal/child_process.js:877:16)
14 verbose stack     at Process.ChildProcess._handle.onexit (internal/child_process.js:226:5)
15 verbose pkgid Raven.Studio@1.0.0
16 verbose cwd C:\Work\ravendb4\src\Raven.Studio
17 error Windows_NT 6.3.9600
18 error argv "C:\\Program Files\\nodejs\\node.exe" "C:\\Program Files\\nodejs\\node_modules\\npm\\bin\\npm-cli.js" "run" "gulp" "alpha-release"
19 error node v6.9.1
20 error npm  v3.10.8
21 error code ELIFECYCLE
22 error Raven.Studio@1.0.0 gulp: `gulp "alpha-release"`
22 error Exit status 1
23 error Failed at the Raven.Studio@1.0.0 gulp script 'gulp "alpha-release"'.
23 error Make sure you have the latest version of node.js and npm installed.
23 error If you do, this is most likely a problem with the Raven.Studio package,
23 error not with npm itself.
23 error Tell the author that this fails on your system:
23 error     gulp "alpha-release"
23 error You can get information on how to open an issue for this project with:
23 error     npm bugs Raven.Studio
23 error Or if that isn't available, you can get their info via:
23 error     npm owner ls Raven.Studio
23 error There is likely additional logging output above.
24 verbose exit [ 1, true ]
